{"/Users/jiayuhuang/Desktop/CPEN321_Pixel_Pioneer/backend/app.js": {"path":"/Users/jiayuhuang/Desktop/CPEN321_Pixel_Pioneer/backend/app.js","statementMap":{"0":{"start":{"line":1,"column":16},"end":{"line":1,"column":34}},"1":{"start":{"line":2,"column":12},"end":{"line":2,"column":21}},"2":{"start":{"line":8,"column":4},"end":{"line":8,"column":34}},"3":{"start":{"line":9,"column":53},"end":{"line":9,"column":78}},"4":{"start":{"line":10,"column":32},"end":{"line":10,"column":58}},"5":{"start":{"line":11,"column":41},"end":{"line":11,"column":76}},"6":{"start":{"line":12,"column":29},"end":{"line":12,"column":60}},"7":{"start":{"line":14,"column":0},"end":{"line":14,"column":24}},"8":{"start":{"line":25,"column":0},"end":{"line":27,"column":3}},"9":{"start":{"line":26,"column":2},"end":{"line":26,"column":57}},"10":{"start":{"line":30,"column":0},"end":{"line":30,"column":54}},"11":{"start":{"line":31,"column":0},"end":{"line":31,"column":57}},"12":{"start":{"line":32,"column":0},"end":{"line":32,"column":66}},"13":{"start":{"line":35,"column":0},"end":{"line":35,"column":42}},"14":{"start":{"line":36,"column":0},"end":{"line":36,"column":48}},"15":{"start":{"line":37,"column":0},"end":{"line":37,"column":41}},"16":{"start":{"line":40,"column":0},"end":{"line":40,"column":53}},"17":{"start":{"line":43,"column":0},"end":{"line":43,"column":72}},"18":{"start":{"line":46,"column":0},"end":{"line":46,"column":47}},"19":{"start":{"line":48,"column":0},"end":{"line":48,"column":21}}},"fnMap":{"0":{"name":"(anonymous_0)","decl":{"start":{"line":25,"column":13},"end":{"line":25,"column":14}},"loc":{"start":{"line":25,"column":27},"end":{"line":27,"column":1}},"line":25}},"branchMap":{},"s":{"0":6,"1":6,"2":6,"3":6,"4":6,"5":6,"6":6,"7":6,"8":6,"9":6,"10":6,"11":6,"12":6,"13":6,"14":6,"15":6,"16":6,"17":6,"18":6,"19":6},"f":{"0":6},"b":{},"_coverageSchema":"1a1c01bbd47fc00a2c39e90264f33305004495a9","hash":"18a36ff531f2a22ab0eaa3b60b6d9969734aeb7d"}
,"/Users/jiayuhuang/Desktop/CPEN321_Pixel_Pioneer/backend/routes/apimanager.js": {"path":"/Users/jiayuhuang/Desktop/CPEN321_Pixel_Pioneer/backend/routes/apimanager.js","statementMap":{"0":{"start":{"line":1,"column":14},"end":{"line":1,"column":30}},"1":{"start":{"line":2,"column":11},"end":{"line":2,"column":33}},"2":{"start":{"line":3,"column":26},"end":{"line":3,"column":28}},"3":{"start":{"line":4,"column":18},"end":{"line":4,"column":20}},"4":{"start":{"line":9,"column":2},"end":{"line":17,"column":3}},"5":{"start":{"line":10,"column":17},"end":{"line":12,"column":6}},"6":{"start":{"line":13,"column":4},"end":{"line":13,"column":23}},"7":{"start":{"line":15,"column":4},"end":{"line":15,"column":54}},"8":{"start":{"line":16,"column":4},"end":{"line":16,"column":14}},"9":{"start":{"line":25,"column":25},"end":{"line":25,"column":39}},"10":{"start":{"line":26,"column":2},"end":{"line":26,"column":59}},"11":{"start":{"line":31,"column":2},"end":{"line":31,"column":36}},"12":{"start":{"line":36,"column":22},"end":{"line":36,"column":32}},"13":{"start":{"line":37,"column":18},"end":{"line":43,"column":3}},"14":{"start":{"line":45,"column":20},"end":{"line":45,"column":61}},"15":{"start":{"line":46,"column":29},"end":{"line":46,"column":69}},"16":{"start":{"line":47,"column":25},"end":{"line":47,"column":50}},"17":{"start":{"line":48,"column":2},"end":{"line":56,"column":3}},"18":{"start":{"line":55,"column":4},"end":{"line":55,"column":32}},"19":{"start":{"line":57,"column":2},"end":{"line":57,"column":24}},"20":{"start":{"line":65,"column":20},"end":{"line":65,"column":28}},"21":{"start":{"line":66,"column":19},"end":{"line":66,"column":50}},"22":{"start":{"line":67,"column":2},"end":{"line":72,"column":3}},"23":{"start":{"line":71,"column":4},"end":{"line":71,"column":46}},"24":{"start":{"line":73,"column":2},"end":{"line":110,"column":3}},"25":{"start":{"line":74,"column":41},"end":{"line":74,"column":58}},"26":{"start":{"line":75,"column":4},"end":{"line":75,"column":58}},"27":{"start":{"line":76,"column":4},"end":{"line":76,"column":27}},"28":{"start":{"line":77,"column":21},"end":{"line":77,"column":75}},"29":{"start":{"line":78,"column":4},"end":{"line":78,"column":34}},"30":{"start":{"line":79,"column":4},"end":{"line":79,"column":26}},"31":{"start":{"line":80,"column":4},"end":{"line":80,"column":42}},"32":{"start":{"line":81,"column":4},"end":{"line":81,"column":31}},"33":{"start":{"line":82,"column":4},"end":{"line":82,"column":56}},"34":{"start":{"line":83,"column":28},"end":{"line":83,"column":41}},"35":{"start":{"line":84,"column":16},"end":{"line":84,"column":49}},"36":{"start":{"line":85,"column":16},"end":{"line":85,"column":49}},"37":{"start":{"line":87,"column":4},"end":{"line":87,"column":25}},"38":{"start":{"line":88,"column":4},"end":{"line":88,"column":34}},"39":{"start":{"line":89,"column":36},"end":{"line":93,"column":5}},"40":{"start":{"line":94,"column":4},"end":{"line":94,"column":25}},"41":{"start":{"line":96,"column":6},"end":{"line":100,"column":7}},"42":{"start":{"line":101,"column":4},"end":{"line":104,"column":6}},"43":{"start":{"line":105,"column":4},"end":{"line":105,"column":42}},"44":{"start":{"line":107,"column":4},"end":{"line":107,"column":51}},"45":{"start":{"line":108,"column":4},"end":{"line":108,"column":75}},"46":{"start":{"line":109,"column":4},"end":{"line":109,"column":73}},"47":{"start":{"line":116,"column":22},"end":{"line":116,"column":26}},"48":{"start":{"line":119,"column":18},"end":{"line":119,"column":40}},"49":{"start":{"line":120,"column":18},"end":{"line":120,"column":40}},"50":{"start":{"line":121,"column":18},"end":{"line":121,"column":40}},"51":{"start":{"line":122,"column":18},"end":{"line":122,"column":40}},"52":{"start":{"line":125,"column":15},"end":{"line":125,"column":32}},"53":{"start":{"line":126,"column":15},"end":{"line":126,"column":32}},"54":{"start":{"line":129,"column":4},"end":{"line":133,"column":24}},"55":{"start":{"line":135,"column":12},"end":{"line":135,"column":58}},"56":{"start":{"line":138,"column":19},"end":{"line":138,"column":34}},"57":{"start":{"line":140,"column":2},"end":{"line":140,"column":18}},"58":{"start":{"line":145,"column":27},"end":{"line":145,"column":29}},"59":{"start":{"line":147,"column":2},"end":{"line":185,"column":3}},"60":{"start":{"line":148,"column":17},"end":{"line":148,"column":30}},"61":{"start":{"line":150,"column":26},"end":{"line":150,"column":28}},"62":{"start":{"line":152,"column":4},"end":{"line":177,"column":5}},"63":{"start":{"line":154,"column":8},"end":{"line":154,"column":30}},"64":{"start":{"line":155,"column":8},"end":{"line":155,"column":14}},"65":{"start":{"line":157,"column":8},"end":{"line":157,"column":29}},"66":{"start":{"line":158,"column":8},"end":{"line":158,"column":14}},"67":{"start":{"line":160,"column":8},"end":{"line":160,"column":29}},"68":{"start":{"line":161,"column":8},"end":{"line":161,"column":14}},"69":{"start":{"line":164,"column":8},"end":{"line":164,"column":29}},"70":{"start":{"line":165,"column":8},"end":{"line":165,"column":14}},"71":{"start":{"line":168,"column":8},"end":{"line":168,"column":29}},"72":{"start":{"line":169,"column":8},"end":{"line":169,"column":14}},"73":{"start":{"line":173,"column":8},"end":{"line":173,"column":29}},"74":{"start":{"line":174,"column":8},"end":{"line":174,"column":14}},"75":{"start":{"line":176,"column":8},"end":{"line":176,"column":14}},"76":{"start":{"line":179,"column":4},"end":{"line":184,"column":7}},"77":{"start":{"line":187,"column":2},"end":{"line":187,"column":26}},"78":{"start":{"line":192,"column":2},"end":{"line":218,"column":3}},"79":{"start":{"line":193,"column":43},"end":{"line":195,"column":5}},"80":{"start":{"line":196,"column":4},"end":{"line":196,"column":48}},"81":{"start":{"line":197,"column":4},"end":{"line":197,"column":62}},"82":{"start":{"line":198,"column":18},"end":{"line":200,"column":10}},"83":{"start":{"line":201,"column":4},"end":{"line":214,"column":71}},"84":{"start":{"line":202,"column":32},"end":{"line":212,"column":7}},"85":{"start":{"line":213,"column":22},"end":{"line":213,"column":45}},"86":{"start":{"line":214,"column":32},"end":{"line":214,"column":69}},"87":{"start":{"line":216,"column":4},"end":{"line":216,"column":67}},"88":{"start":{"line":217,"column":4},"end":{"line":217,"column":72}},"89":{"start":{"line":229,"column":29},"end":{"line":243,"column":4}},"90":{"start":{"line":230,"column":4},"end":{"line":242,"column":9}},"91":{"start":{"line":236,"column":10},"end":{"line":236,"column":61}},"92":{"start":{"line":237,"column":8},"end":{"line":237,"column":65}},"93":{"start":{"line":240,"column":8},"end":{"line":240,"column":57}},"94":{"start":{"line":241,"column":8},"end":{"line":241,"column":34}},"95":{"start":{"line":245,"column":2},"end":{"line":247,"column":5}},"96":{"start":{"line":246,"column":4},"end":{"line":246,"column":65}},"97":{"start":{"line":248,"column":2},"end":{"line":248,"column":33}},"98":{"start":{"line":251,"column":0},"end":{"line":253,"column":2}}},"fnMap":{"0":{"name":"getApiKey","decl":{"start":{"line":8,"column":15},"end":{"line":8,"column":24}},"loc":{"start":{"line":8,"column":27},"end":{"line":18,"column":1}},"line":8},"1":{"name":"isObservatoriesCacheExpired","decl":{"start":{"line":23,"column":9},"end":{"line":23,"column":36}},"loc":{"start":{"line":23,"column":48},"end":{"line":27,"column":1}},"line":23},"2":{"name":"isNotNullOrEmpty","decl":{"start":{"line":30,"column":9},"end":{"line":30,"column":25}},"loc":{"start":{"line":30,"column":31},"end":{"line":32,"column":1}},"line":30},"3":{"name":"getClientTime","decl":{"start":{"line":35,"column":9},"end":{"line":35,"column":22}},"loc":{"start":{"line":35,"column":40},"end":{"line":58,"column":1}},"line":35},"4":{"name":"fetchNearbyObservatoryFromAPIs","decl":{"start":{"line":64,"column":15},"end":{"line":64,"column":45}},"loc":{"start":{"line":64,"column":70},"end":{"line":111,"column":1}},"line":64},"5":{"name":"calculateDistance","decl":{"start":{"line":115,"column":9},"end":{"line":115,"column":26}},"loc":{"start":{"line":115,"column":51},"end":{"line":141,"column":1}},"line":115},"6":{"name":"markWeatherForecast","decl":{"start":{"line":144,"column":9},"end":{"line":144,"column":28}},"loc":{"start":{"line":144,"column":46},"end":{"line":188,"column":1}},"line":144},"7":{"name":"fetchNearbyObservatoriesList","decl":{"start":{"line":191,"column":15},"end":{"line":191,"column":43}},"loc":{"start":{"line":191,"column":62},"end":{"line":219,"column":1}},"line":191},"8":{"name":"(anonymous_8)","decl":{"start":{"line":202,"column":11},"end":{"line":202,"column":12}},"loc":{"start":{"line":202,"column":32},"end":{"line":212,"column":7}},"line":202},"9":{"name":"(anonymous_9)","decl":{"start":{"line":213,"column":12},"end":{"line":213,"column":13}},"loc":{"start":{"line":213,"column":22},"end":{"line":213,"column":45}},"line":213},"10":{"name":"(anonymous_10)","decl":{"start":{"line":214,"column":14},"end":{"line":214,"column":15}},"loc":{"start":{"line":214,"column":32},"end":{"line":214,"column":69}},"line":214},"11":{"name":"fetchObservatoriesWithConditionInfo","decl":{"start":{"line":224,"column":15},"end":{"line":224,"column":50}},"loc":{"start":{"line":228,"column":2},"end":{"line":249,"column":1}},"line":228},"12":{"name":"(anonymous_12)","decl":{"start":{"line":229,"column":57},"end":{"line":229,"column":58}},"loc":{"start":{"line":229,"column":73},"end":{"line":243,"column":3}},"line":229},"13":{"name":"(anonymous_13)","decl":{"start":{"line":234,"column":12},"end":{"line":234,"column":13}},"loc":{"start":{"line":234,"column":43},"end":{"line":238,"column":7}},"line":234},"14":{"name":"(anonymous_14)","decl":{"start":{"line":239,"column":13},"end":{"line":239,"column":14}},"loc":{"start":{"line":239,"column":22},"end":{"line":242,"column":7}},"line":239},"15":{"name":"(anonymous_15)","decl":{"start":{"line":245,"column":46},"end":{"line":245,"column":47}},"loc":{"start":{"line":245,"column":57},"end":{"line":247,"column":3}},"line":245}},"branchMap":{"0":{"loc":{"start":{"line":31,"column":9},"end":{"line":31,"column":35}},"type":"binary-expr","locations":[{"start":{"line":31,"column":9},"end":{"line":31,"column":21}},{"start":{"line":31,"column":25},"end":{"line":31,"column":35}}],"line":31},"1":{"loc":{"start":{"line":48,"column":2},"end":{"line":56,"column":3}},"type":"if","locations":[{"start":{"line":48,"column":2},"end":{"line":56,"column":3}},{"start":{},"end":{}}],"line":48},"2":{"loc":{"start":{"line":50,"column":6},"end":{"line":52,"column":27}},"type":"binary-expr","locations":[{"start":{"line":50,"column":6},"end":{"line":50,"column":28}},{"start":{"line":51,"column":6},"end":{"line":51,"column":29}},{"start":{"line":52,"column":6},"end":{"line":52,"column":27}}],"line":50},"3":{"loc":{"start":{"line":67,"column":2},"end":{"line":72,"column":3}},"type":"if","locations":[{"start":{"line":67,"column":2},"end":{"line":72,"column":3}},{"start":{},"end":{}}],"line":67},"4":{"loc":{"start":{"line":68,"column":4},"end":{"line":69,"column":63}},"type":"binary-expr","locations":[{"start":{"line":68,"column":4},"end":{"line":68,"column":33}},{"start":{"line":69,"column":4},"end":{"line":69,"column":63}}],"line":68},"5":{"loc":{"start":{"line":152,"column":4},"end":{"line":177,"column":5}},"type":"switch","locations":[{"start":{"line":153,"column":6},"end":{"line":155,"column":14}},{"start":{"line":156,"column":6},"end":{"line":158,"column":14}},{"start":{"line":159,"column":6},"end":{"line":161,"column":14}},{"start":{"line":162,"column":6},"end":{"line":162,"column":34}},{"start":{"line":163,"column":6},"end":{"line":165,"column":14}},{"start":{"line":166,"column":6},"end":{"line":166,"column":22}},{"start":{"line":167,"column":6},"end":{"line":169,"column":14}},{"start":{"line":170,"column":6},"end":{"line":170,"column":34}},{"start":{"line":171,"column":6},"end":{"line":171,"column":35}},{"start":{"line":172,"column":6},"end":{"line":174,"column":14}},{"start":{"line":175,"column":6},"end":{"line":176,"column":14}}],"line":152},"6":{"loc":{"start":{"line":198,"column":18},"end":{"line":200,"column":10}},"type":"cond-expr","locations":[{"start":{"line":199,"column":8},"end":{"line":199,"column":49}},{"start":{"line":200,"column":8},"end":{"line":200,"column":10}}],"line":198},"7":{"loc":{"start":{"line":214,"column":32},"end":{"line":214,"column":69}},"type":"binary-expr","locations":[{"start":{"line":214,"column":32},"end":{"line":214,"column":51}},{"start":{"line":214,"column":55},"end":{"line":214,"column":69}}],"line":214}},"s":{"0":6,"1":6,"2":6,"3":6,"4":4,"5":4,"6":4,"7":0,"8":0,"9":1,"10":1,"11":3,"12":1,"13":1,"14":1,"15":1,"16":1,"17":1,"18":0,"19":1,"20":5,"21":5,"22":5,"23":1,"24":4,"25":4,"26":4,"27":4,"28":4,"29":2,"30":2,"31":2,"32":2,"33":1,"34":1,"35":1,"36":1,"37":1,"38":1,"39":1,"40":1,"41":1,"42":1,"43":1,"44":3,"45":3,"46":3,"47":6,"48":6,"49":6,"50":6,"51":6,"52":6,"53":6,"54":6,"55":6,"56":6,"57":6,"58":0,"59":0,"60":0,"61":0,"62":0,"63":0,"64":0,"65":0,"66":0,"67":0,"68":0,"69":0,"70":0,"71":0,"72":0,"73":0,"74":0,"75":0,"76":0,"77":0,"78":1,"79":1,"80":1,"81":1,"82":1,"83":1,"84":6,"85":11,"86":6,"87":0,"88":0,"89":1,"90":2,"91":0,"92":0,"93":0,"94":0,"95":1,"96":1,"97":1,"98":6},"f":{"0":4,"1":1,"2":3,"3":1,"4":5,"5":6,"6":0,"7":1,"8":6,"9":11,"10":6,"11":1,"12":2,"13":0,"14":0,"15":1},"b":{"0":[3,3],"1":[0,1],"2":[1,1,1],"3":[1,4],"4":[5,1],"5":[0,0,0,0,0,0,0,0,0,0,0],"6":[1,0],"7":[6,2]},"_coverageSchema":"1a1c01bbd47fc00a2c39e90264f33305004495a9","hash":"4b289d1df1a63480044f0cc78334251df68f725c"}
,"/Users/jiayuhuang/Desktop/CPEN321_Pixel_Pioneer/backend/routes/dbconn.js": {"path":"/Users/jiayuhuang/Desktop/CPEN321_Pixel_Pioneer/backend/routes/dbconn.js","statementMap":{"0":{"start":{"line":1,"column":24},"end":{"line":1,"column":42}},"1":{"start":{"line":2,"column":12},"end":{"line":2,"column":39}},"2":{"start":{"line":3,"column":15},"end":{"line":3,"column":35}},"3":{"start":{"line":5,"column":0},"end":{"line":95,"column":2}},"4":{"start":{"line":8,"column":4},"end":{"line":15,"column":5}},"5":{"start":{"line":9,"column":6},"end":{"line":9,"column":29}},"6":{"start":{"line":10,"column":6},"end":{"line":10,"column":60}},"7":{"start":{"line":11,"column":6},"end":{"line":11,"column":18}},"8":{"start":{"line":13,"column":6},"end":{"line":13,"column":25}},"9":{"start":{"line":14,"column":6},"end":{"line":14,"column":19}},"10":{"start":{"line":19,"column":18},"end":{"line":23,"column":16}},"11":{"start":{"line":24,"column":19},"end":{"line":24,"column":50}},"12":{"start":{"line":24,"column":39},"end":{"line":24,"column":49}},"13":{"start":{"line":25,"column":4},"end":{"line":25,"column":18}},"14":{"start":{"line":29,"column":4},"end":{"line":32,"column":35}},"15":{"start":{"line":36,"column":4},"end":{"line":40,"column":17}},"16":{"start":{"line":44,"column":4},"end":{"line":47,"column":52}},"17":{"start":{"line":51,"column":4},"end":{"line":54,"column":27}},"18":{"start":{"line":58,"column":4},"end":{"line":61,"column":61}},"19":{"start":{"line":65,"column":4},"end":{"line":68,"column":33}},"20":{"start":{"line":72,"column":4},"end":{"line":77,"column":6}},"21":{"start":{"line":81,"column":4},"end":{"line":86,"column":7}},"22":{"start":{"line":90,"column":4},"end":{"line":93,"column":61}}},"fnMap":{"0":{"name":"(anonymous_0)","decl":{"start":{"line":7,"column":13},"end":{"line":7,"column":14}},"loc":{"start":{"line":7,"column":25},"end":{"line":16,"column":3}},"line":7},"1":{"name":"(anonymous_1)","decl":{"start":{"line":18,"column":17},"end":{"line":18,"column":18}},"loc":{"start":{"line":18,"column":29},"end":{"line":26,"column":3}},"line":18},"2":{"name":"(anonymous_2)","decl":{"start":{"line":24,"column":29},"end":{"line":24,"column":30}},"loc":{"start":{"line":24,"column":39},"end":{"line":24,"column":49}},"line":24},"3":{"name":"(anonymous_3)","decl":{"start":{"line":28,"column":17},"end":{"line":28,"column":18}},"loc":{"start":{"line":28,"column":35},"end":{"line":33,"column":3}},"line":28},"4":{"name":"(anonymous_4)","decl":{"start":{"line":35,"column":17},"end":{"line":35,"column":18}},"loc":{"start":{"line":35,"column":35},"end":{"line":41,"column":3}},"line":35},"5":{"name":"(anonymous_5)","decl":{"start":{"line":43,"column":16},"end":{"line":43,"column":17}},"loc":{"start":{"line":43,"column":45},"end":{"line":48,"column":3}},"line":43},"6":{"name":"(anonymous_6)","decl":{"start":{"line":50,"column":18},"end":{"line":50,"column":19}},"loc":{"start":{"line":50,"column":38},"end":{"line":55,"column":3}},"line":50},"7":{"name":"(anonymous_7)","decl":{"start":{"line":57,"column":28},"end":{"line":57,"column":29}},"loc":{"start":{"line":57,"column":57},"end":{"line":62,"column":3}},"line":57},"8":{"name":"(anonymous_8)","decl":{"start":{"line":64,"column":23},"end":{"line":64,"column":24}},"loc":{"start":{"line":64,"column":40},"end":{"line":69,"column":3}},"line":64},"9":{"name":"(anonymous_9)","decl":{"start":{"line":71,"column":32},"end":{"line":71,"column":33}},"loc":{"start":{"line":71,"column":61},"end":{"line":78,"column":3}},"line":71},"10":{"name":"(anonymous_10)","decl":{"start":{"line":80,"column":17},"end":{"line":80,"column":18}},"loc":{"start":{"line":80,"column":59},"end":{"line":87,"column":3}},"line":80},"11":{"name":"(anonymous_11)","decl":{"start":{"line":89,"column":22},"end":{"line":89,"column":23}},"loc":{"start":{"line":89,"column":56},"end":{"line":94,"column":3}},"line":89}},"branchMap":{},"s":{"0":1,"1":1,"2":1,"3":1,"4":0,"5":0,"6":0,"7":0,"8":0,"9":0,"10":0,"11":0,"12":0,"13":0,"14":0,"15":0,"16":0,"17":0,"18":0,"19":0,"20":0,"21":0,"22":0},"f":{"0":0,"1":0,"2":0,"3":0,"4":0,"5":0,"6":0,"7":0,"8":0,"9":0,"10":0,"11":0},"b":{},"_coverageSchema":"1a1c01bbd47fc00a2c39e90264f33305004495a9","hash":"dc9beb395afef02c8021241a198b03853beb85ba"}
,"/Users/jiayuhuang/Desktop/CPEN321_Pixel_Pioneer/backend/routes/firebase.js": {"path":"/Users/jiayuhuang/Desktop/CPEN321_Pixel_Pioneer/backend/routes/firebase.js","statementMap":{"0":{"start":{"line":2,"column":12},"end":{"line":2,"column":37}},"1":{"start":{"line":3,"column":21},"end":{"line":3,"column":43}},"2":{"start":{"line":4,"column":0},"end":{"line":6,"column":3}},"3":{"start":{"line":8,"column":0},"end":{"line":12,"column":2}},"4":{"start":{"line":10,"column":4},"end":{"line":10,"column":49}}},"fnMap":{"0":{"name":"(anonymous_0)","decl":{"start":{"line":9,"column":32},"end":{"line":9,"column":33}},"loc":{"start":{"line":9,"column":51},"end":{"line":11,"column":3}},"line":9}},"branchMap":{},"s":{"0":5,"1":5,"2":5,"3":5,"4":0},"f":{"0":0},"b":{},"_coverageSchema":"1a1c01bbd47fc00a2c39e90264f33305004495a9","hash":"44c2810eac670bed0225d75fb4bc743032aa263c"}
,"/Users/jiayuhuang/Desktop/CPEN321_Pixel_Pioneer/backend/routes/invite.js": {"path":"/Users/jiayuhuang/Desktop/CPEN321_Pixel_Pioneer/backend/routes/invite.js","statementMap":{"0":{"start":{"line":1,"column":35},"end":{"line":1,"column":60}},"1":{"start":{"line":8,"column":4},"end":{"line":8,"column":23}},"2":{"start":{"line":10,"column":24},"end":{"line":10,"column":42}},"3":{"start":{"line":11,"column":12},"end":{"line":11,"column":39}},"4":{"start":{"line":12,"column":15},"end":{"line":12,"column":35}},"5":{"start":{"line":14,"column":0},"end":{"line":77,"column":2}},"6":{"start":{"line":19,"column":24},"end":{"line":19,"column":35}},"7":{"start":{"line":20,"column":4},"end":{"line":75,"column":5}},"8":{"start":{"line":21,"column":6},"end":{"line":72,"column":7}},"9":{"start":{"line":22,"column":27},"end":{"line":22,"column":37}},"10":{"start":{"line":23,"column":8},"end":{"line":23,"column":35}},"11":{"start":{"line":24,"column":8},"end":{"line":24,"column":39}},"12":{"start":{"line":30,"column":33},"end":{"line":30,"column":74}},"13":{"start":{"line":31,"column":8},"end":{"line":31,"column":38}},"14":{"start":{"line":33,"column":8},"end":{"line":66,"column":9}},"15":{"start":{"line":34,"column":10},"end":{"line":34,"column":63}},"16":{"start":{"line":36,"column":28},"end":{"line":36,"column":49}},"17":{"start":{"line":37,"column":28},"end":{"line":37,"column":49}},"18":{"start":{"line":39,"column":43},"end":{"line":41,"column":11}},"19":{"start":{"line":43,"column":10},"end":{"line":65,"column":11}},"20":{"start":{"line":44,"column":12},"end":{"line":44,"column":72}},"21":{"start":{"line":46,"column":37},"end":{"line":46,"column":64}},"22":{"start":{"line":47,"column":12},"end":{"line":47,"column":54}},"23":{"start":{"line":48,"column":12},"end":{"line":48,"column":50}},"24":{"start":{"line":49,"column":12},"end":{"line":49,"column":49}},"25":{"start":{"line":50,"column":12},"end":{"line":50,"column":48}},"26":{"start":{"line":51,"column":30},"end":{"line":55,"column":13}},"27":{"start":{"line":56,"column":12},"end":{"line":56,"column":44}},"28":{"start":{"line":57,"column":39},"end":{"line":62,"column":13}},"29":{"start":{"line":63,"column":12},"end":{"line":63,"column":44}},"30":{"start":{"line":64,"column":12},"end":{"line":64,"column":67}},"31":{"start":{"line":68,"column":8},"end":{"line":68,"column":41}},"32":{"start":{"line":70,"column":10},"end":{"line":70,"column":31}},"33":{"start":{"line":71,"column":10},"end":{"line":71,"column":52}},"34":{"start":{"line":74,"column":6},"end":{"line":74,"column":53}}},"fnMap":{"0":{"name":"(anonymous_0)","decl":{"start":{"line":18,"column":23},"end":{"line":18,"column":24}},"loc":{"start":{"line":18,"column":43},"end":{"line":76,"column":3}},"line":18}},"branchMap":{"0":{"loc":{"start":{"line":20,"column":4},"end":{"line":75,"column":5}},"type":"if","locations":[{"start":{"line":20,"column":4},"end":{"line":75,"column":5}},{"start":{"line":73,"column":11},"end":{"line":75,"column":5}}],"line":20},"1":{"loc":{"start":{"line":33,"column":8},"end":{"line":66,"column":9}},"type":"if","locations":[{"start":{"line":33,"column":8},"end":{"line":66,"column":9}},{"start":{"line":35,"column":15},"end":{"line":66,"column":9}}],"line":33},"2":{"loc":{"start":{"line":43,"column":10},"end":{"line":65,"column":11}},"type":"if","locations":[{"start":{"line":43,"column":10},"end":{"line":65,"column":11}},{"start":{"line":45,"column":17},"end":{"line":65,"column":11}}],"line":43}},"s":{"0":6,"1":6,"2":6,"3":6,"4":6,"5":6,"6":5,"7":5,"8":4,"9":4,"10":4,"11":4,"12":4,"13":3,"14":3,"15":1,"16":2,"17":2,"18":2,"19":2,"20":1,"21":1,"22":1,"23":1,"24":1,"25":1,"26":1,"27":1,"28":1,"29":1,"30":1,"31":1,"32":4,"33":4,"34":1},"f":{"0":5},"b":{"0":[4,1],"1":[1,2],"2":[1,1]},"_coverageSchema":"1a1c01bbd47fc00a2c39e90264f33305004495a9","hash":"78f7f4975b60e3b27f42041c8a8e15ca6c6c1ac5"}
,"/Users/jiayuhuang/Desktop/CPEN321_Pixel_Pioneer/backend/routes/notification.js": {"path":"/Users/jiayuhuang/Desktop/CPEN321_Pixel_Pioneer/backend/routes/notification.js","statementMap":{"0":{"start":{"line":1,"column":41},"end":{"line":1,"column":62}},"1":{"start":{"line":10,"column":0},"end":{"line":40,"column":2}},"2":{"start":{"line":17,"column":25},"end":{"line":17,"column":53}},"3":{"start":{"line":19,"column":6},"end":{"line":23,"column":15}},"4":{"start":{"line":24,"column":18},"end":{"line":30,"column":5}},"5":{"start":{"line":31,"column":4},"end":{"line":38,"column":5}},"6":{"start":{"line":32,"column":23},"end":{"line":32,"column":66}},"7":{"start":{"line":33,"column":6},"end":{"line":33,"column":65}},"8":{"start":{"line":34,"column":6},"end":{"line":34,"column":31}},"9":{"start":{"line":36,"column":6},"end":{"line":36,"column":50}},"10":{"start":{"line":37,"column":6},"end":{"line":37,"column":18}}},"fnMap":{"0":{"name":"(anonymous_0)","decl":{"start":{"line":11,"column":26},"end":{"line":11,"column":27}},"loc":{"start":{"line":16,"column":7},"end":{"line":39,"column":3}},"line":16}},"branchMap":{},"s":{"0":6,"1":6,"2":2,"3":2,"4":2,"5":2,"6":2,"7":1,"8":1,"9":1,"10":1},"f":{"0":2},"b":{},"_coverageSchema":"1a1c01bbd47fc00a2c39e90264f33305004495a9","hash":"33db8567ce2cf30c6ee1018bd9f73ddbc63bf2b0"}
,"/Users/jiayuhuang/Desktop/CPEN321_Pixel_Pioneer/backend/routes/recommendations.js": {"path":"/Users/jiayuhuang/Desktop/CPEN321_Pixel_Pioneer/backend/routes/recommendations.js","statementMap":{"0":{"start":{"line":1,"column":19},"end":{"line":1,"column":42}},"1":{"start":{"line":2,"column":37},"end":{"line":2,"column":56}},"2":{"start":{"line":4,"column":24},"end":{"line":4,"column":42}},"3":{"start":{"line":5,"column":12},"end":{"line":5,"column":39}},"4":{"start":{"line":6,"column":15},"end":{"line":6,"column":35}},"5":{"start":{"line":7,"column":20},"end":{"line":7,"column":22}},"6":{"start":{"line":13,"column":22},"end":{"line":13,"column":39}},"7":{"start":{"line":14,"column":2},"end":{"line":56,"column":3}},"8":{"start":{"line":15,"column":4},"end":{"line":53,"column":5}},"9":{"start":{"line":16,"column":21},"end":{"line":16,"column":38}},"10":{"start":{"line":17,"column":19},"end":{"line":17,"column":34}},"11":{"start":{"line":18,"column":6},"end":{"line":18,"column":27}},"12":{"start":{"line":19,"column":34},"end":{"line":19,"column":36}},"13":{"start":{"line":20,"column":21},"end":{"line":20,"column":40}},"14":{"start":{"line":21,"column":6},"end":{"line":23,"column":7}},"15":{"start":{"line":22,"column":12},"end":{"line":22,"column":35}},"16":{"start":{"line":24,"column":19},"end":{"line":24,"column":46}},"17":{"start":{"line":25,"column":6},"end":{"line":46,"column":7}},"18":{"start":{"line":27,"column":8},"end":{"line":27,"column":48}},"19":{"start":{"line":29,"column":25},"end":{"line":29,"column":38}},"20":{"start":{"line":33,"column":10},"end":{"line":37,"column":11}},"21":{"start":{"line":39,"column":36},"end":{"line":43,"column":9}},"22":{"start":{"line":45,"column":8},"end":{"line":45,"column":50}},"23":{"start":{"line":49,"column":6},"end":{"line":49,"column":80}},"24":{"start":{"line":51,"column":6},"end":{"line":51,"column":27}},"25":{"start":{"line":55,"column":4},"end":{"line":55,"column":57}},"26":{"start":{"line":61,"column":22},"end":{"line":61,"column":43}},"27":{"start":{"line":62,"column":24},"end":{"line":62,"column":50}},"28":{"start":{"line":63,"column":20},"end":{"line":63,"column":57}},"29":{"start":{"line":64,"column":20},"end":{"line":64,"column":64}},"30":{"start":{"line":65,"column":24},"end":{"line":65,"column":68}},"31":{"start":{"line":66,"column":2},"end":{"line":66,"column":25}},"32":{"start":{"line":77,"column":2},"end":{"line":82,"column":3}},"33":{"start":{"line":81,"column":4},"end":{"line":81,"column":48}},"34":{"start":{"line":85,"column":41},"end":{"line":99,"column":5}},"35":{"start":{"line":88,"column":8},"end":{"line":89,"column":78}},"36":{"start":{"line":89,"column":48},"end":{"line":89,"column":77}},"37":{"start":{"line":93,"column":30},"end":{"line":93,"column":51}},"38":{"start":{"line":94,"column":8},"end":{"line":94,"column":69}},"39":{"start":{"line":95,"column":8},"end":{"line":95,"column":69}},"40":{"start":{"line":96,"column":8},"end":{"line":96,"column":19}},"41":{"start":{"line":102,"column":30},"end":{"line":139,"column":50}},"42":{"start":{"line":104,"column":31},"end":{"line":112,"column":8}},"43":{"start":{"line":105,"column":8},"end":{"line":107,"column":9}},"44":{"start":{"line":106,"column":10},"end":{"line":106,"column":55}},"45":{"start":{"line":108,"column":8},"end":{"line":111,"column":10}},"46":{"start":{"line":114,"column":28},"end":{"line":114,"column":47}},"47":{"start":{"line":115,"column":28},"end":{"line":115,"column":49}},"48":{"start":{"line":117,"column":8},"end":{"line":118,"column":11}},"49":{"start":{"line":120,"column":8},"end":{"line":120,"column":51}},"50":{"start":{"line":122,"column":8},"end":{"line":123,"column":10}},"51":{"start":{"line":126,"column":8},"end":{"line":129,"column":11}},"52":{"start":{"line":131,"column":6},"end":{"line":137,"column":8}},"53":{"start":{"line":139,"column":20},"end":{"line":139,"column":49}},"54":{"start":{"line":141,"column":2},"end":{"line":141,"column":59}},"55":{"start":{"line":144,"column":0},"end":{"line":144,"column":50}}},"fnMap":{"0":{"name":"recommendationRequestHandler","decl":{"start":{"line":12,"column":15},"end":{"line":12,"column":43}},"loc":{"start":{"line":12,"column":54},"end":{"line":57,"column":1}},"line":12},"1":{"name":"getDateDiffScore","decl":{"start":{"line":60,"column":9},"end":{"line":60,"column":25}},"loc":{"start":{"line":60,"column":57},"end":{"line":67,"column":1}},"line":60},"2":{"name":"generateRecommendationList","decl":{"start":{"line":72,"column":9},"end":{"line":72,"column":35}},"loc":{"start":{"line":76,"column":2},"end":{"line":142,"column":1}},"line":76},"3":{"name":"(anonymous_3)","decl":{"start":{"line":87,"column":6},"end":{"line":87,"column":7}},"loc":{"start":{"line":88,"column":8},"end":{"line":89,"column":78}},"line":88},"4":{"name":"(anonymous_4)","decl":{"start":{"line":89,"column":34},"end":{"line":89,"column":35}},"loc":{"start":{"line":89,"column":48},"end":{"line":89,"column":77}},"line":89},"5":{"name":"(anonymous_5)","decl":{"start":{"line":92,"column":6},"end":{"line":92,"column":7}},"loc":{"start":{"line":92,"column":21},"end":{"line":97,"column":7}},"line":92},"6":{"name":"(anonymous_6)","decl":{"start":{"line":103,"column":9},"end":{"line":103,"column":10}},"loc":{"start":{"line":103,"column":19},"end":{"line":138,"column":5}},"line":103},"7":{"name":"(anonymous_7)","decl":{"start":{"line":104,"column":57},"end":{"line":104,"column":58}},"loc":{"start":{"line":104,"column":67},"end":{"line":112,"column":7}},"line":104},"8":{"name":"(anonymous_8)","decl":{"start":{"line":139,"column":10},"end":{"line":139,"column":11}},"loc":{"start":{"line":139,"column":20},"end":{"line":139,"column":49}},"line":139}},"branchMap":{"0":{"loc":{"start":{"line":14,"column":2},"end":{"line":56,"column":3}},"type":"if","locations":[{"start":{"line":14,"column":2},"end":{"line":56,"column":3}},{"start":{"line":54,"column":9},"end":{"line":56,"column":3}}],"line":14},"1":{"loc":{"start":{"line":21,"column":6},"end":{"line":23,"column":7}},"type":"if","locations":[{"start":{"line":21,"column":6},"end":{"line":23,"column":7}},{"start":{},"end":{}}],"line":21},"2":{"loc":{"start":{"line":21,"column":9},"end":{"line":21,"column":44}},"type":"binary-expr","locations":[{"start":{"line":21,"column":9},"end":{"line":21,"column":29}},{"start":{"line":21,"column":33},"end":{"line":21,"column":44}}],"line":21},"3":{"loc":{"start":{"line":25,"column":6},"end":{"line":46,"column":7}},"type":"if","locations":[{"start":{"line":25,"column":6},"end":{"line":46,"column":7}},{"start":{"line":28,"column":13},"end":{"line":46,"column":7}}],"line":25},"4":{"loc":{"start":{"line":77,"column":2},"end":{"line":82,"column":3}},"type":"if","locations":[{"start":{"line":77,"column":2},"end":{"line":82,"column":3}},{"start":{},"end":{}}],"line":77},"5":{"loc":{"start":{"line":78,"column":4},"end":{"line":79,"column":35}},"type":"binary-expr","locations":[{"start":{"line":78,"column":4},"end":{"line":78,"column":43}},{"start":{"line":79,"column":4},"end":{"line":79,"column":35}}],"line":78},"6":{"loc":{"start":{"line":88,"column":8},"end":{"line":89,"column":78}},"type":"binary-expr","locations":[{"start":{"line":88,"column":8},"end":{"line":88,"column":28}},{"start":{"line":89,"column":8},"end":{"line":89,"column":78}}],"line":88},"7":{"loc":{"start":{"line":105,"column":8},"end":{"line":107,"column":9}},"type":"if","locations":[{"start":{"line":105,"column":8},"end":{"line":107,"column":9}},{"start":{},"end":{}}],"line":105}},"s":{"0":6,"1":6,"2":6,"3":6,"4":6,"5":6,"6":8,"7":8,"8":7,"9":7,"10":7,"11":7,"12":7,"13":7,"14":7,"15":6,"16":7,"17":6,"18":1,"19":5,"20":5,"21":5,"22":0,"23":6,"24":7,"25":1,"26":0,"27":0,"28":0,"29":0,"30":0,"31":0,"32":5,"33":3,"34":2,"35":4,"36":0,"37":0,"38":0,"39":0,"40":0,"41":2,"42":2,"43":0,"44":0,"45":0,"46":0,"47":0,"48":0,"49":0,"50":0,"51":0,"52":0,"53":0,"54":0,"55":6},"f":{"0":8,"1":0,"2":5,"3":4,"4":0,"5":0,"6":2,"7":0,"8":0},"b":{"0":[7,1],"1":[6,1],"2":[7,7],"3":[1,5],"4":[3,2],"5":[5,2],"6":[4,0],"7":[0,0]},"_coverageSchema":"1a1c01bbd47fc00a2c39e90264f33305004495a9","hash":"0a4d5dff1980ef26361604c509e3bff1f921a765"}
,"/Users/jiayuhuang/Desktop/CPEN321_Pixel_Pioneer/backend/routes/scheduling.js": {"path":"/Users/jiayuhuang/Desktop/CPEN321_Pixel_Pioneer/backend/routes/scheduling.js","statementMap":{"0":{"start":{"line":1,"column":24},"end":{"line":1,"column":42}},"1":{"start":{"line":2,"column":12},"end":{"line":2,"column":39}},"2":{"start":{"line":3,"column":15},"end":{"line":3,"column":35}},"3":{"start":{"line":12,"column":4},"end":{"line":12,"column":23}},"4":{"start":{"line":14,"column":0},"end":{"line":118,"column":2}},"5":{"start":{"line":20,"column":24},"end":{"line":20,"column":41}},"6":{"start":{"line":21,"column":4},"end":{"line":40,"column":5}},"7":{"start":{"line":22,"column":6},"end":{"line":37,"column":7}},"8":{"start":{"line":23,"column":23},"end":{"line":23,"column":33}},"9":{"start":{"line":24,"column":28},"end":{"line":24,"column":45}},"10":{"start":{"line":26,"column":8},"end":{"line":31,"column":9}},"11":{"start":{"line":27,"column":10},"end":{"line":27,"column":80}},"12":{"start":{"line":29,"column":10},"end":{"line":29,"column":48}},"13":{"start":{"line":30,"column":10},"end":{"line":30,"column":44}},"14":{"start":{"line":33,"column":8},"end":{"line":33,"column":34}},"15":{"start":{"line":35,"column":8},"end":{"line":35,"column":29}},"16":{"start":{"line":36,"column":8},"end":{"line":36,"column":50}},"17":{"start":{"line":39,"column":6},"end":{"line":39,"column":53}},"18":{"start":{"line":48,"column":24},"end":{"line":48,"column":41}},"19":{"start":{"line":49,"column":4},"end":{"line":80,"column":5}},"20":{"start":{"line":50,"column":6},"end":{"line":77,"column":7}},"21":{"start":{"line":51,"column":8},"end":{"line":51,"column":41}},"22":{"start":{"line":52,"column":8},"end":{"line":52,"column":50}},"23":{"start":{"line":53,"column":23},"end":{"line":53,"column":33}},"24":{"start":{"line":54,"column":28},"end":{"line":54,"column":51}},"25":{"start":{"line":55,"column":8},"end":{"line":71,"column":9}},"26":{"start":{"line":56,"column":10},"end":{"line":56,"column":80}},"27":{"start":{"line":58,"column":10},"end":{"line":70,"column":11}},"28":{"start":{"line":59,"column":12},"end":{"line":59,"column":109}},"29":{"start":{"line":61,"column":28},"end":{"line":66,"column":13}},"30":{"start":{"line":67,"column":12},"end":{"line":67,"column":35}},"31":{"start":{"line":68,"column":12},"end":{"line":68,"column":44}},"32":{"start":{"line":69,"column":12},"end":{"line":69,"column":63}},"33":{"start":{"line":73,"column":8},"end":{"line":73,"column":34}},"34":{"start":{"line":75,"column":8},"end":{"line":75,"column":29}},"35":{"start":{"line":76,"column":8},"end":{"line":76,"column":50}},"36":{"start":{"line":79,"column":6},"end":{"line":79,"column":53}},"37":{"start":{"line":88,"column":24},"end":{"line":88,"column":41}},"38":{"start":{"line":89,"column":4},"end":{"line":116,"column":5}},"39":{"start":{"line":90,"column":6},"end":{"line":113,"column":7}},"40":{"start":{"line":91,"column":23},"end":{"line":91,"column":33}},"41":{"start":{"line":92,"column":28},"end":{"line":92,"column":51}},"42":{"start":{"line":93,"column":8},"end":{"line":107,"column":9}},"43":{"start":{"line":94,"column":10},"end":{"line":94,"column":80}},"44":{"start":{"line":96,"column":35},"end":{"line":96,"column":72}},"45":{"start":{"line":97,"column":10},"end":{"line":106,"column":11}},"46":{"start":{"line":98,"column":12},"end":{"line":102,"column":16}},"47":{"start":{"line":104,"column":12},"end":{"line":104,"column":62}},"48":{"start":{"line":105,"column":12},"end":{"line":105,"column":65}},"49":{"start":{"line":109,"column":8},"end":{"line":109,"column":34}},"50":{"start":{"line":111,"column":8},"end":{"line":111,"column":29}},"51":{"start":{"line":112,"column":8},"end":{"line":112,"column":50}},"52":{"start":{"line":115,"column":6},"end":{"line":115,"column":53}}},"fnMap":{"0":{"name":"(anonymous_0)","decl":{"start":{"line":19,"column":22},"end":{"line":19,"column":23}},"loc":{"start":{"line":19,"column":42},"end":{"line":41,"column":3}},"line":19},"1":{"name":"(anonymous_1)","decl":{"start":{"line":47,"column":24},"end":{"line":47,"column":25}},"loc":{"start":{"line":47,"column":44},"end":{"line":81,"column":3}},"line":47},"2":{"name":"(anonymous_2)","decl":{"start":{"line":87,"column":24},"end":{"line":87,"column":25}},"loc":{"start":{"line":87,"column":44},"end":{"line":117,"column":3}},"line":87}},"branchMap":{"0":{"loc":{"start":{"line":21,"column":4},"end":{"line":40,"column":5}},"type":"if","locations":[{"start":{"line":21,"column":4},"end":{"line":40,"column":5}},{"start":{"line":38,"column":11},"end":{"line":40,"column":5}}],"line":21},"1":{"loc":{"start":{"line":26,"column":8},"end":{"line":31,"column":9}},"type":"if","locations":[{"start":{"line":26,"column":8},"end":{"line":31,"column":9}},{"start":{"line":28,"column":15},"end":{"line":31,"column":9}}],"line":26},"2":{"loc":{"start":{"line":49,"column":4},"end":{"line":80,"column":5}},"type":"if","locations":[{"start":{"line":49,"column":4},"end":{"line":80,"column":5}},{"start":{"line":78,"column":11},"end":{"line":80,"column":5}}],"line":49},"3":{"loc":{"start":{"line":55,"column":8},"end":{"line":71,"column":9}},"type":"if","locations":[{"start":{"line":55,"column":8},"end":{"line":71,"column":9}},{"start":{"line":57,"column":15},"end":{"line":71,"column":9}}],"line":55},"4":{"loc":{"start":{"line":58,"column":10},"end":{"line":70,"column":11}},"type":"if","locations":[{"start":{"line":58,"column":10},"end":{"line":70,"column":11}},{"start":{"line":60,"column":17},"end":{"line":70,"column":11}}],"line":58},"5":{"loc":{"start":{"line":58,"column":14},"end":{"line":58,"column":46}},"type":"binary-expr","locations":[{"start":{"line":58,"column":14},"end":{"line":58,"column":28}},{"start":{"line":58,"column":32},"end":{"line":58,"column":46}}],"line":58},"6":{"loc":{"start":{"line":89,"column":4},"end":{"line":116,"column":5}},"type":"if","locations":[{"start":{"line":89,"column":4},"end":{"line":116,"column":5}},{"start":{"line":114,"column":11},"end":{"line":116,"column":5}}],"line":89},"7":{"loc":{"start":{"line":93,"column":8},"end":{"line":107,"column":9}},"type":"if","locations":[{"start":{"line":93,"column":8},"end":{"line":107,"column":9}},{"start":{"line":95,"column":15},"end":{"line":107,"column":9}}],"line":93},"8":{"loc":{"start":{"line":97,"column":10},"end":{"line":106,"column":11}},"type":"if","locations":[{"start":{"line":97,"column":10},"end":{"line":106,"column":11}},{"start":{"line":103,"column":17},"end":{"line":106,"column":11}}],"line":97}},"s":{"0":6,"1":6,"2":6,"3":6,"4":6,"5":4,"6":4,"7":3,"8":3,"9":3,"10":3,"11":1,"12":2,"13":1,"14":1,"15":3,"16":3,"17":1,"18":6,"19":6,"20":5,"21":5,"22":5,"23":5,"24":5,"25":5,"26":1,"27":4,"28":2,"29":2,"30":2,"31":2,"32":1,"33":1,"34":5,"35":5,"36":1,"37":6,"38":6,"39":5,"40":5,"41":5,"42":5,"43":1,"44":4,"45":3,"46":2,"47":1,"48":1,"49":1,"50":5,"51":5,"52":1},"f":{"0":4,"1":6,"2":6},"b":{"0":[3,1],"1":[1,2],"2":[5,1],"3":[1,4],"4":[2,2],"5":[4,3],"6":[5,1],"7":[1,4],"8":[2,1]},"_coverageSchema":"1a1c01bbd47fc00a2c39e90264f33305004495a9","hash":"b9fdea1a1288f82f81a12d3dc57845a459e62499"}
,"/Users/jiayuhuang/Desktop/CPEN321_Pixel_Pioneer/backend/routes/searchEmail.js": {"path":"/Users/jiayuhuang/Desktop/CPEN321_Pixel_Pioneer/backend/routes/searchEmail.js","statementMap":{"0":{"start":{"line":1,"column":24},"end":{"line":1,"column":42}},"1":{"start":{"line":2,"column":12},"end":{"line":2,"column":39}},"2":{"start":{"line":3,"column":15},"end":{"line":3,"column":35}},"3":{"start":{"line":5,"column":37},"end":{"line":5,"column":56}},"4":{"start":{"line":7,"column":0},"end":{"line":26,"column":2}},"5":{"start":{"line":9,"column":24},"end":{"line":9,"column":41}},"6":{"start":{"line":10,"column":4},"end":{"line":24,"column":5}},"7":{"start":{"line":11,"column":6},"end":{"line":21,"column":7}},"8":{"start":{"line":12,"column":8},"end":{"line":12,"column":46}},"9":{"start":{"line":13,"column":23},"end":{"line":13,"column":44}},"10":{"start":{"line":14,"column":8},"end":{"line":14,"column":28}},"11":{"start":{"line":15,"column":8},"end":{"line":15,"column":37}},"12":{"start":{"line":17,"column":8},"end":{"line":17,"column":34}},"13":{"start":{"line":19,"column":8},"end":{"line":19,"column":29}},"14":{"start":{"line":20,"column":8},"end":{"line":20,"column":50}},"15":{"start":{"line":23,"column":6},"end":{"line":23,"column":53}}},"fnMap":{"0":{"name":"(anonymous_0)","decl":{"start":{"line":8,"column":20},"end":{"line":8,"column":21}},"loc":{"start":{"line":8,"column":40},"end":{"line":25,"column":3}},"line":8}},"branchMap":{"0":{"loc":{"start":{"line":10,"column":4},"end":{"line":24,"column":5}},"type":"if","locations":[{"start":{"line":10,"column":4},"end":{"line":24,"column":5}},{"start":{"line":22,"column":11},"end":{"line":24,"column":5}}],"line":10}},"s":{"0":6,"1":6,"2":6,"3":6,"4":6,"5":3,"6":3,"7":2,"8":2,"9":2,"10":1,"11":1,"12":1,"13":2,"14":2,"15":1},"f":{"0":3},"b":{"0":[2,1]},"_coverageSchema":"1a1c01bbd47fc00a2c39e90264f33305004495a9","hash":"cd56befa2137fb2c59424a27d5c4d2099381d66d"}
,"/Users/jiayuhuang/Desktop/CPEN321_Pixel_Pioneer/backend/routes/users.js": {"path":"/Users/jiayuhuang/Desktop/CPEN321_Pixel_Pioneer/backend/routes/users.js","statementMap":{"0":{"start":{"line":3,"column":13},"end":{"line":3,"column":28}},"1":{"start":{"line":11,"column":4},"end":{"line":11,"column":23}},"2":{"start":{"line":12,"column":24},"end":{"line":12,"column":42}},"3":{"start":{"line":13,"column":12},"end":{"line":13,"column":39}},"4":{"start":{"line":14,"column":15},"end":{"line":14,"column":35}},"5":{"start":{"line":16,"column":0},"end":{"line":127,"column":2}},"6":{"start":{"line":22,"column":24},"end":{"line":22,"column":41}},"7":{"start":{"line":23,"column":4},"end":{"line":58,"column":5}},"8":{"start":{"line":24,"column":6},"end":{"line":55,"column":7}},"9":{"start":{"line":25,"column":24},"end":{"line":25,"column":33}},"10":{"start":{"line":26,"column":27},"end":{"line":29,"column":9}},"11":{"start":{"line":30,"column":33},"end":{"line":30,"column":74}},"12":{"start":{"line":32,"column":8},"end":{"line":49,"column":9}},"13":{"start":{"line":33,"column":29},"end":{"line":38,"column":11}},"14":{"start":{"line":39,"column":10},"end":{"line":39,"column":73}},"15":{"start":{"line":40,"column":10},"end":{"line":40,"column":43}},"16":{"start":{"line":42,"column":10},"end":{"line":47,"column":12}},"17":{"start":{"line":48,"column":10},"end":{"line":48,"column":45}},"18":{"start":{"line":51,"column":8},"end":{"line":51,"column":34}},"19":{"start":{"line":53,"column":8},"end":{"line":53,"column":29}},"20":{"start":{"line":54,"column":8},"end":{"line":54,"column":50}},"21":{"start":{"line":57,"column":6},"end":{"line":57,"column":53}},"22":{"start":{"line":66,"column":24},"end":{"line":66,"column":35}},"23":{"start":{"line":67,"column":4},"end":{"line":86,"column":5}},"24":{"start":{"line":68,"column":25},"end":{"line":68,"column":35}},"25":{"start":{"line":69,"column":6},"end":{"line":83,"column":7}},"26":{"start":{"line":71,"column":21},"end":{"line":71,"column":48}},"27":{"start":{"line":73,"column":8},"end":{"line":77,"column":9}},"28":{"start":{"line":74,"column":10},"end":{"line":74,"column":49}},"29":{"start":{"line":76,"column":10},"end":{"line":76,"column":37}},"30":{"start":{"line":79,"column":8},"end":{"line":79,"column":34}},"31":{"start":{"line":81,"column":8},"end":{"line":81,"column":29}},"32":{"start":{"line":82,"column":8},"end":{"line":82,"column":50}},"33":{"start":{"line":85,"column":6},"end":{"line":85,"column":53}},"34":{"start":{"line":94,"column":24},"end":{"line":94,"column":35}},"35":{"start":{"line":95,"column":4},"end":{"line":125,"column":5}},"36":{"start":{"line":96,"column":6},"end":{"line":122,"column":7}},"37":{"start":{"line":97,"column":27},"end":{"line":97,"column":37}},"38":{"start":{"line":99,"column":28},"end":{"line":99,"column":55}},"39":{"start":{"line":102,"column":8},"end":{"line":116,"column":9}},"40":{"start":{"line":103,"column":10},"end":{"line":103,"column":65}},"41":{"start":{"line":105,"column":33},"end":{"line":110,"column":11}},"42":{"start":{"line":111,"column":33},"end":{"line":114,"column":11}},"43":{"start":{"line":115,"column":10},"end":{"line":115,"column":70}},"44":{"start":{"line":118,"column":8},"end":{"line":118,"column":34}},"45":{"start":{"line":120,"column":8},"end":{"line":120,"column":29}},"46":{"start":{"line":121,"column":8},"end":{"line":121,"column":50}},"47":{"start":{"line":124,"column":6},"end":{"line":124,"column":53}}},"fnMap":{"0":{"name":"(anonymous_0)","decl":{"start":{"line":21,"column":17},"end":{"line":21,"column":18}},"loc":{"start":{"line":21,"column":37},"end":{"line":59,"column":3}},"line":21},"1":{"name":"(anonymous_1)","decl":{"start":{"line":65,"column":14},"end":{"line":65,"column":15}},"loc":{"start":{"line":65,"column":34},"end":{"line":87,"column":3}},"line":65},"2":{"name":"(anonymous_2)","decl":{"start":{"line":93,"column":17},"end":{"line":93,"column":18}},"loc":{"start":{"line":93,"column":37},"end":{"line":126,"column":3}},"line":93}},"branchMap":{"0":{"loc":{"start":{"line":23,"column":4},"end":{"line":58,"column":5}},"type":"if","locations":[{"start":{"line":23,"column":4},"end":{"line":58,"column":5}},{"start":{"line":56,"column":11},"end":{"line":58,"column":5}}],"line":23},"1":{"loc":{"start":{"line":32,"column":8},"end":{"line":49,"column":9}},"type":"if","locations":[{"start":{"line":32,"column":8},"end":{"line":49,"column":9}},{"start":{"line":41,"column":15},"end":{"line":49,"column":9}}],"line":32},"2":{"loc":{"start":{"line":67,"column":4},"end":{"line":86,"column":5}},"type":"if","locations":[{"start":{"line":67,"column":4},"end":{"line":86,"column":5}},{"start":{"line":84,"column":11},"end":{"line":86,"column":5}}],"line":67},"3":{"loc":{"start":{"line":73,"column":8},"end":{"line":77,"column":9}},"type":"if","locations":[{"start":{"line":73,"column":8},"end":{"line":77,"column":9}},{"start":{"line":75,"column":15},"end":{"line":77,"column":9}}],"line":73},"4":{"loc":{"start":{"line":95,"column":4},"end":{"line":125,"column":5}},"type":"if","locations":[{"start":{"line":95,"column":4},"end":{"line":125,"column":5}},{"start":{"line":123,"column":11},"end":{"line":125,"column":5}}],"line":95},"5":{"loc":{"start":{"line":102,"column":8},"end":{"line":116,"column":9}},"type":"if","locations":[{"start":{"line":102,"column":8},"end":{"line":116,"column":9}},{"start":{"line":104,"column":15},"end":{"line":116,"column":9}}],"line":102}},"s":{"0":6,"1":6,"2":6,"3":6,"4":6,"5":6,"6":4,"7":4,"8":3,"9":3,"10":3,"11":3,"12":2,"13":1,"14":1,"15":1,"16":1,"17":1,"18":1,"19":3,"20":3,"21":1,"22":4,"23":4,"24":3,"25":3,"26":3,"27":2,"28":1,"29":1,"30":1,"31":3,"32":3,"33":1,"34":4,"35":4,"36":3,"37":3,"38":3,"39":2,"40":1,"41":1,"42":1,"43":1,"44":1,"45":3,"46":3,"47":1},"f":{"0":4,"1":4,"2":4},"b":{"0":[3,1],"1":[1,1],"2":[3,1],"3":[1,1],"4":[3,1],"5":[1,1]},"_coverageSchema":"1a1c01bbd47fc00a2c39e90264f33305004495a9","hash":"d43ad392de1e7108a021b9888402dc9e1a3bc235"}
}
