TN:
SF:app.js
FN:25,(anonymous_0)
FNF:1
FNH:1
FNDA:5,(anonymous_0)
DA:1,5
DA:2,5
DA:8,5
DA:9,5
DA:10,5
DA:11,5
DA:12,5
DA:14,5
DA:25,5
DA:26,5
DA:30,5
DA:31,5
DA:32,5
DA:35,5
DA:36,5
DA:37,5
DA:40,5
DA:43,5
DA:46,5
DA:48,5
LF:20
LH:20
BRF:0
BRH:0
end_of_record
TN:
SF:const.js
FNF:0
FNH:0
DA:1,1
DA:979,1
LF:2
LH:2
BRF:0
BRH:0
end_of_record
TN:
SF:routes/apimanager.js
FN:8,getApiKey
FN:21,isObservatoriesCacheExpired
FN:28,isNotNullOrEmpty
FN:33,getClientTime
FN:56,fetchNearbyObservatoryFromAPIs
FN:91,calculateDistance
FN:120,markWeatherForecast
FN:167,fetchNearbyObservatoriesList
FN:174,(anonymous_8)
FN:185,(anonymous_9)
FN:186,(anonymous_10)
FN:197,fetchObservatoriesWithConditionInfo
FN:202,(anonymous_12)
FN:207,(anonymous_13)
FN:214,(anonymous_14)
FN:220,(anonymous_15)
FNF:16
FNH:0
FNDA:0,getApiKey
FNDA:0,isObservatoriesCacheExpired
FNDA:0,isNotNullOrEmpty
FNDA:0,getClientTime
FNDA:0,fetchNearbyObservatoryFromAPIs
FNDA:0,calculateDistance
FNDA:0,markWeatherForecast
FNDA:0,fetchNearbyObservatoriesList
FNDA:0,(anonymous_8)
FNDA:0,(anonymous_9)
FNDA:0,(anonymous_10)
FNDA:0,fetchObservatoriesWithConditionInfo
FNDA:0,(anonymous_12)
FNDA:0,(anonymous_13)
FNDA:0,(anonymous_14)
FNDA:0,(anonymous_15)
DA:1,5
DA:2,5
DA:3,5
DA:4,5
DA:9,0
DA:10,0
DA:11,0
DA:13,0
DA:14,0
DA:23,0
DA:24,0
DA:29,0
DA:34,0
DA:35,0
DA:43,0
DA:44,0
DA:45,0
DA:46,0
DA:47,0
DA:49,0
DA:57,0
DA:58,0
DA:59,0
DA:60,0
DA:62,0
DA:63,0
DA:64,0
DA:65,0
DA:66,0
DA:67,0
DA:68,0
DA:70,0
DA:76,0
DA:78,0
DA:82,0
DA:84,0
DA:85,0
DA:92,0
DA:95,0
DA:96,0
DA:97,0
DA:98,0
DA:101,0
DA:102,0
DA:105,0
DA:111,0
DA:114,0
DA:116,0
DA:121,0
DA:123,0
DA:124,0
DA:126,0
DA:128,0
DA:130,0
DA:131,0
DA:133,0
DA:134,0
DA:136,0
DA:137,0
DA:140,0
DA:141,0
DA:144,0
DA:145,0
DA:149,0
DA:150,0
DA:152,0
DA:155,0
DA:163,0
DA:168,0
DA:169,0
DA:172,0
DA:173,0
DA:174,0
DA:185,0
DA:186,0
DA:187,0
DA:189,0
DA:190,0
DA:202,0
DA:203,0
DA:209,0
DA:210,0
DA:215,0
DA:216,0
DA:220,0
DA:221,0
DA:223,0
DA:226,5
LF:88
LH:5
BRDA:29,0,0,0
BRDA:29,0,1,0
BRDA:46,1,0,0
BRDA:46,1,1,0
BRDA:46,2,0,0
BRDA:46,2,1,0
BRDA:46,2,2,0
BRDA:59,3,0,0
BRDA:59,3,1,0
BRDA:59,4,0,0
BRDA:59,4,1,0
BRDA:128,5,0,0
BRDA:128,5,1,0
BRDA:128,5,2,0
BRDA:128,5,3,0
BRDA:128,5,4,0
BRDA:128,5,5,0
BRDA:128,5,6,0
BRDA:128,5,7,0
BRDA:128,5,8,0
BRDA:128,5,9,0
BRDA:128,5,10,0
BRDA:172,6,0,0
BRDA:172,6,1,0
BRDA:186,7,0,0
BRDA:186,7,1,0
BRF:26
BRH:0
end_of_record
TN:
SF:routes/dbconn.js
FN:7,(anonymous_0)
FN:18,(anonymous_1)
FN:24,(anonymous_2)
FN:28,(anonymous_3)
FN:35,(anonymous_4)
FN:43,(anonymous_5)
FN:50,(anonymous_6)
FN:57,(anonymous_7)
FN:64,(anonymous_8)
FN:71,(anonymous_9)
FN:80,(anonymous_10)
FN:89,(anonymous_11)
FNF:12
FNH:0
FNDA:0,(anonymous_0)
FNDA:0,(anonymous_1)
FNDA:0,(anonymous_2)
FNDA:0,(anonymous_3)
FNDA:0,(anonymous_4)
FNDA:0,(anonymous_5)
FNDA:0,(anonymous_6)
FNDA:0,(anonymous_7)
FNDA:0,(anonymous_8)
FNDA:0,(anonymous_9)
FNDA:0,(anonymous_10)
FNDA:0,(anonymous_11)
DA:1,1
DA:2,1
DA:3,1
DA:5,1
DA:8,0
DA:9,0
DA:10,0
DA:11,0
DA:13,0
DA:14,0
DA:19,0
DA:24,0
DA:25,0
DA:29,0
DA:36,0
DA:44,0
DA:51,0
DA:58,0
DA:65,0
DA:72,0
DA:81,0
DA:90,0
LF:22
LH:4
BRF:0
BRH:0
end_of_record
TN:
SF:routes/firebase.js
FN:9,(anonymous_0)
FNF:1
FNH:0
FNDA:0,(anonymous_0)
DA:2,4
DA:3,4
DA:4,4
DA:8,4
DA:10,0
LF:5
LH:4
BRF:0
BRH:0
end_of_record
TN:
SF:routes/invite.js
FN:18,(anonymous_0)
FNF:1
FNH:1
FNDA:5,(anonymous_0)
DA:1,5
DA:8,5
DA:10,5
DA:11,5
DA:12,5
DA:14,5
DA:19,5
DA:20,5
DA:21,4
DA:22,4
DA:23,4
DA:24,4
DA:30,4
DA:31,3
DA:33,3
DA:34,1
DA:36,2
DA:37,2
DA:39,2
DA:43,2
DA:44,1
DA:46,1
DA:47,1
DA:48,1
DA:49,1
DA:50,1
DA:51,1
DA:56,1
DA:57,1
DA:63,1
DA:64,1
DA:68,1
DA:70,4
DA:71,4
DA:74,1
LF:35
LH:35
BRDA:20,0,0,4
BRDA:20,0,1,1
BRDA:33,1,0,1
BRDA:33,1,1,2
BRDA:43,2,0,1
BRDA:43,2,1,1
BRF:6
BRH:6
end_of_record
TN:
SF:routes/notification.js
FN:11,(anonymous_0)
FNF:1
FNH:1
FNDA:2,(anonymous_0)
DA:1,5
DA:10,5
DA:17,2
DA:19,2
DA:24,2
DA:31,2
DA:32,2
DA:33,1
DA:34,1
DA:36,1
DA:37,1
LF:11
LH:11
BRF:0
BRH:0
end_of_record
TN:
SF:routes/recommendations.js
FN:12,recommendationRequestHandler
FN:46,getUserDistance
FN:66,getDateDiffScore
FN:80,generateRecommendationList
FN:95,(anonymous_4)
FN:97,(anonymous_5)
FN:100,(anonymous_6)
FN:111,(anonymous_7)
FN:116,(anonymous_8)
FN:151,(anonymous_9)
FNF:10
FNH:0
FNDA:0,recommendationRequestHandler
FNDA:0,getUserDistance
FNDA:0,getDateDiffScore
FNDA:0,generateRecommendationList
FNDA:0,(anonymous_4)
FNDA:0,(anonymous_5)
FNDA:0,(anonymous_6)
FNDA:0,(anonymous_7)
FNDA:0,(anonymous_8)
FNDA:0,(anonymous_9)
DA:1,5
DA:2,5
DA:4,5
DA:5,5
DA:6,5
DA:7,5
DA:13,0
DA:14,0
DA:15,0
DA:16,0
DA:17,0
DA:19,0
DA:20,0
DA:21,0
DA:24,0
DA:30,0
DA:36,0
DA:38,0
DA:39,0
DA:47,0
DA:48,0
DA:49,0
DA:50,0
DA:51,0
DA:52,0
DA:54,0
DA:57,0
DA:59,0
DA:62,0
DA:67,0
DA:68,0
DA:69,0
DA:70,0
DA:71,0
DA:72,0
DA:73,0
DA:74,0
DA:85,0
DA:89,0
DA:93,0
DA:96,0
DA:97,0
DA:101,0
DA:102,0
DA:103,0
DA:104,0
DA:110,0
DA:112,0
DA:113,0
DA:116,0
DA:117,0
DA:118,0
DA:120,0
DA:126,0
DA:127,0
DA:129,0
DA:132,0
DA:134,0
DA:138,0
DA:143,0
DA:151,0
DA:153,0
DA:156,5
LF:63
LH:7
BRDA:48,0,0,0
BRDA:48,0,1,0
BRDA:51,1,0,0
BRDA:51,1,1,0
BRDA:54,2,0,0
BRDA:54,2,1,0
BRDA:54,3,0,0
BRDA:54,3,1,0
BRDA:71,4,0,0
BRDA:71,4,1,0
BRDA:73,5,0,0
BRDA:73,5,1,0
BRDA:85,6,0,0
BRDA:85,6,1,0
BRDA:86,7,0,0
BRDA:86,7,1,0
BRDA:96,8,0,0
BRDA:96,8,1,0
BRDA:112,9,0,0
BRDA:112,9,1,0
BRDA:112,10,0,0
BRDA:112,10,1,0
BRDA:117,11,0,0
BRDA:117,11,1,0
BRF:24
BRH:0
end_of_record
TN:
SF:routes/scheduling.js
FN:19,(anonymous_0)
FN:47,(anonymous_1)
FN:80,(anonymous_2)
FNF:3
FNH:3
FNDA:4,(anonymous_0)
FNDA:4,(anonymous_1)
FNDA:6,(anonymous_2)
DA:1,5
DA:2,5
DA:3,5
DA:12,5
DA:14,5
DA:20,4
DA:21,4
DA:22,3
DA:23,3
DA:24,3
DA:26,3
DA:27,1
DA:29,2
DA:30,1
DA:33,1
DA:35,3
DA:36,3
DA:39,1
DA:48,4
DA:49,4
DA:50,3
DA:51,3
DA:52,3
DA:53,3
DA:54,1
DA:56,2
DA:62,2
DA:63,1
DA:66,1
DA:68,3
DA:69,3
DA:72,1
DA:81,6
DA:82,6
DA:83,5
DA:84,5
DA:85,5
DA:86,5
DA:87,1
DA:89,4
DA:90,3
DA:91,2
DA:97,1
DA:98,1
DA:102,1
DA:104,5
DA:105,5
DA:108,1
LF:48
LH:48
BRDA:21,0,0,3
BRDA:21,0,1,1
BRDA:26,1,0,1
BRDA:26,1,1,2
BRDA:49,2,0,3
BRDA:49,2,1,1
BRDA:53,3,0,1
BRDA:53,3,1,2
BRDA:82,4,0,5
BRDA:82,4,1,1
BRDA:86,5,0,1
BRDA:86,5,1,4
BRDA:90,6,0,2
BRDA:90,6,1,1
BRF:14
BRH:14
end_of_record
TN:
SF:routes/searchEmail.js
FN:8,(anonymous_0)
FNF:1
FNH:1
FNDA:3,(anonymous_0)
DA:1,5
DA:2,5
DA:3,5
DA:5,5
DA:7,5
DA:9,3
DA:10,3
DA:11,2
DA:12,2
DA:13,2
DA:14,1
DA:15,1
DA:17,1
DA:19,2
DA:20,2
DA:23,1
LF:16
LH:16
BRDA:10,0,0,2
BRDA:10,0,1,1
BRF:2
BRH:2
end_of_record
TN:
SF:routes/users.js
FN:21,(anonymous_0)
FN:65,(anonymous_1)
FN:93,(anonymous_2)
FNF:3
FNH:3
FNDA:4,(anonymous_0)
FNDA:4,(anonymous_1)
FNDA:4,(anonymous_2)
DA:3,5
DA:11,5
DA:12,5
DA:13,5
DA:14,5
DA:16,5
DA:22,4
DA:23,4
DA:24,3
DA:25,3
DA:26,3
DA:30,3
DA:32,2
DA:33,1
DA:39,1
DA:40,1
DA:42,1
DA:48,1
DA:51,1
DA:53,3
DA:54,3
DA:57,1
DA:66,4
DA:67,4
DA:68,3
DA:69,3
DA:71,3
DA:73,2
DA:74,1
DA:76,1
DA:79,1
DA:81,3
DA:82,3
DA:85,1
DA:94,4
DA:95,4
DA:96,3
DA:97,3
DA:99,3
DA:102,2
DA:103,1
DA:105,1
DA:111,1
DA:115,1
DA:118,1
DA:120,3
DA:121,3
DA:124,1
LF:48
LH:48
BRDA:23,0,0,3
BRDA:23,0,1,1
BRDA:32,1,0,1
BRDA:32,1,1,1
BRDA:67,2,0,3
BRDA:67,2,1,1
BRDA:73,3,0,1
BRDA:73,3,1,1
BRDA:95,4,0,3
BRDA:95,4,1,1
BRDA:102,5,0,1
BRDA:102,5,1,1
BRF:12
BRH:12
end_of_record
