TN:
SF:app.js
FN:24,(anonymous_0)
FNF:1
FNH:1
FNDA:1,(anonymous_0)
DA:1,1
DA:2,1
DA:4,1
DA:9,1
DA:10,1
DA:11,1
DA:13,1
DA:24,1
DA:25,1
DA:29,1
DA:30,1
DA:31,1
DA:34,1
DA:35,1
DA:36,1
DA:40,1
LF:16
LH:16
BRF:0
BRH:0
end_of_record
TN:
SF:routes/apimanager.js
FN:10,(anonymous_0)
FN:23,fetchNearbyObservatoryFromAPIs
FN:47,calculateDistance
FN:76,sortByDistance
FN:78,(anonymous_4)
FN:82,markWeatherForecast
FN:123,getTopNObjects
FN:135,fetchNearbyObservatoriesList
FN:166,fetchObservatoriesWithConditionInfo
FN:170,(anonymous_9)
FN:175,(anonymous_10)
FN:180,(anonymous_11)
FN:186,(anonymous_12)
FNF:13
FNH:1
FNDA:1,(anonymous_0)
FNDA:0,fetchNearbyObservatoryFromAPIs
FNDA:0,calculateDistance
FNDA:0,sortByDistance
FNDA:0,(anonymous_4)
FNDA:0,markWeatherForecast
FNDA:0,getTopNObjects
FNDA:0,fetchNearbyObservatoriesList
FNDA:0,fetchObservatoriesWithConditionInfo
FNDA:0,(anonymous_9)
FNDA:0,(anonymous_10)
FNDA:0,(anonymous_11)
FNDA:0,(anonymous_12)
DA:1,1
DA:2,1
DA:4,1
DA:7,1
DA:11,1
DA:12,0
DA:13,0
DA:15,1
DA:24,0
DA:25,0
DA:26,0
DA:27,0
DA:28,0
DA:29,0
DA:30,0
DA:32,0
DA:38,0
DA:39,0
DA:41,0
DA:48,0
DA:51,0
DA:52,0
DA:53,0
DA:54,0
DA:57,0
DA:58,0
DA:61,0
DA:67,0
DA:70,0
DA:72,0
DA:78,0
DA:83,0
DA:85,0
DA:86,0
DA:88,0
DA:90,0
DA:91,0
DA:92,0
DA:93,0
DA:96,0
DA:101,0
DA:102,0
DA:107,0
DA:108,0
DA:110,0
DA:113,0
DA:120,0
DA:124,0
DA:125,0
DA:127,0
DA:128,0
DA:130,0
DA:136,0
DA:140,0
DA:141,0
DA:143,0
DA:144,0
DA:145,0
DA:156,0
DA:158,0
DA:159,0
DA:160,0
DA:170,0
DA:171,0
DA:177,0
DA:178,0
DA:181,0
DA:182,0
DA:186,0
DA:187,0
DA:189,0
DA:192,1
LF:72
LH:7
BRDA:11,0,0,0
BRDA:11,0,1,1
BRDA:90,1,0,0
BRDA:90,1,1,0
BRDA:92,2,0,0
BRDA:92,2,1,0
BRDA:96,3,0,0
BRDA:96,3,1,0
BRDA:96,3,2,0
BRDA:96,3,3,0
BRDA:96,3,4,0
BRDA:96,3,5,0
BRDA:96,3,6,0
BRDA:96,3,7,0
BRDA:96,3,8,0
BRDA:124,4,0,0
BRDA:124,4,1,0
BRDA:127,5,0,0
BRDA:127,5,1,0
BRF:19
BRH:1
end_of_record
TN:
SF:routes/invite.js
FN:11,connectDB
FN:20,inviteSpecifiedUser
FNF:2
FNH:0
FNDA:0,connectDB
FNDA:0,inviteSpecifiedUser
DA:1,1
DA:2,1
DA:3,1
DA:5,1
DA:6,1
DA:7,1
DA:12,0
DA:13,0
DA:14,0
DA:21,0
DA:22,0
DA:23,0
DA:24,0
DA:25,0
DA:26,0
DA:28,0
DA:29,0
DA:32,0
DA:36,0
DA:37,0
DA:39,0
DA:40,0
DA:42,0
DA:45,0
DA:46,0
DA:48,0
DA:49,0
DA:50,0
DA:51,0
DA:52,0
DA:53,0
DA:58,0
DA:64,0
DA:66,0
DA:68,0
DA:69,0
DA:70,0
DA:76,1
DA:78,1
LF:39
LH:8
BRDA:22,0,0,0
BRDA:22,0,1,0
BRDA:36,1,0,0
BRDA:36,1,1,0
BRDA:45,2,0,0
BRDA:45,2,1,0
BRDA:68,3,0,0
BRDA:68,3,1,0
BRF:8
BRH:0
end_of_record
TN:
SF:routes/notification.js
FN:5,sleep
FN:6,(anonymous_1)
FN:10,sendNotification
FN:44,sendInviteNotification
FNF:4
FNH:0
FNDA:0,sleep
FNDA:0,(anonymous_1)
FNDA:0,sendNotification
FNDA:0,sendInviteNotification
DA:2,1
DA:6,0
DA:16,0
DA:18,0
DA:24,0
DA:32,0
DA:33,0
DA:34,0
DA:36,0
DA:50,0
DA:52,0
DA:57,0
DA:64,0
DA:65,0
DA:66,0
DA:68,0
DA:72,1
LF:17
LH:2
BRF:0
BRH:0
end_of_record
TN:
SF:routes/recommendations.js
FN:12,recommendationRequestHandler
FN:45,getUserDistance
FN:68,generateRecommendationList
FN:75,(anonymous_3)
FN:76,(anonymous_4)
FN:79,(anonymous_5)
FN:94,(anonymous_6)
FN:111,(anonymous_7)
FNF:8
FNH:0
FNDA:0,recommendationRequestHandler
FNDA:0,getUserDistance
FNDA:0,generateRecommendationList
FNDA:0,(anonymous_3)
FNDA:0,(anonymous_4)
FNDA:0,(anonymous_5)
FNDA:0,(anonymous_6)
FNDA:0,(anonymous_7)
DA:1,1
DA:2,1
DA:3,1
DA:4,1
DA:5,1
DA:6,1
DA:13,0
DA:14,0
DA:15,0
DA:17,0
DA:18,0
DA:20,0
DA:23,0
DA:29,0
DA:35,0
DA:37,0
DA:38,0
DA:46,0
DA:47,0
DA:49,0
DA:54,0
DA:55,0
DA:57,0
DA:59,0
DA:61,0
DA:74,0
DA:76,0
DA:80,0
DA:81,0
DA:82,0
DA:84,0
DA:85,0
DA:87,0
DA:93,0
DA:95,0
DA:97,0
DA:100,0
DA:102,0
DA:103,0
DA:111,0
DA:113,0
DA:116,1
DA:118,1
LF:43
LH:8
BRDA:54,0,0,0
BRDA:54,0,1,0
BRDA:57,1,0,0
BRDA:57,1,1,0
BRDA:81,2,0,0
BRDA:81,2,1,0
BRDA:84,3,0,0
BRDA:84,3,1,0
BRF:8
BRH:0
end_of_record
TN:
SF:routes/scheduling.js
FN:19,(anonymous_0)
FN:48,(anonymous_1)
FN:81,(anonymous_2)
FNF:3
FNH:3
FNDA:3,(anonymous_0)
FNDA:3,(anonymous_1)
FNDA:5,(anonymous_2)
DA:1,1
DA:2,1
DA:3,1
DA:12,1
DA:14,1
DA:20,3
DA:21,3
DA:22,3
DA:23,3
DA:24,3
DA:25,3
DA:27,3
DA:28,1
DA:30,2
DA:31,1
DA:32,1
DA:35,1
DA:36,1
DA:38,3
DA:39,3
DA:49,3
DA:50,3
DA:51,3
DA:52,3
DA:53,3
DA:54,3
DA:55,3
DA:56,3
DA:57,1
DA:59,2
DA:65,2
DA:66,1
DA:69,1
DA:71,3
DA:72,3
DA:82,5
DA:83,5
DA:84,5
DA:85,5
DA:86,5
DA:87,5
DA:88,5
DA:89,5
DA:90,1
DA:92,4
DA:93,3
DA:94,3
DA:95,2
DA:101,1
DA:102,1
DA:106,1
DA:108,5
DA:109,5
DA:113,0
LF:54
LH:53
BRDA:21,0,0,3
BRDA:21,0,1,0
BRDA:27,1,0,1
BRDA:27,1,1,2
BRDA:50,2,0,3
BRDA:50,2,1,0
BRDA:56,3,0,1
BRDA:56,3,1,2
BRDA:83,4,0,5
BRDA:83,4,1,0
BRDA:89,5,0,1
BRDA:89,5,1,4
BRDA:94,6,0,2
BRDA:94,6,1,1
BRF:14
BRH:11
end_of_record
TN:
SF:routes/users.js
FN:21,(anonymous_0)
FN:71,(anonymous_1)
FN:99,(anonymous_2)
FNF:3
FNH:0
FNDA:0,(anonymous_0)
FNDA:0,(anonymous_1)
FNDA:0,(anonymous_2)
DA:3,1
DA:11,1
DA:12,1
DA:13,1
DA:14,1
DA:16,1
DA:22,0
DA:23,0
DA:24,0
DA:25,0
DA:26,0
DA:27,0
DA:28,0
DA:32,0
DA:33,0
DA:35,0
DA:36,0
DA:37,0
DA:38,0
DA:44,0
DA:45,0
DA:47,0
DA:48,0
DA:54,0
DA:57,0
DA:59,0
DA:60,0
DA:61,0
DA:72,0
DA:73,0
DA:74,0
DA:75,0
DA:77,0
DA:79,0
DA:80,0
DA:82,0
DA:85,0
DA:87,0
DA:88,0
DA:89,0
DA:100,0
DA:101,0
DA:102,0
DA:103,0
DA:104,0
DA:105,0
DA:106,0
DA:108,0
DA:110,0
DA:111,0
DA:113,0
DA:114,0
DA:116,0
DA:122,0
DA:123,0
DA:124,0
DA:128,0
DA:129,0
DA:130,0
DA:133,0
DA:135,0
DA:136,0
DA:137,0
LF:63
LH:6
BRDA:23,0,0,0
BRDA:23,0,1,0
BRDA:35,1,0,0
BRDA:35,1,1,0
BRDA:59,2,0,0
BRDA:59,2,1,0
BRDA:73,3,0,0
BRDA:73,3,1,0
BRDA:79,4,0,0
BRDA:79,4,1,0
BRDA:87,5,0,0
BRDA:87,5,1,0
BRDA:101,6,0,0
BRDA:101,6,1,0
BRDA:113,7,0,0
BRDA:113,7,1,0
BRDA:135,8,0,0
BRDA:135,8,1,0
BRF:18
BRH:0
end_of_record
